2025-06-23 08:23:21,888 [INFO] Activator:176 - 


2025-06-23 08:23:21,898 [INFO] Activator:177 - !SESSION log4j initialized
2025-06-23 08:23:28,633 [INFO] LogOutputStream:77 - [STDOUT_REDIRECT] 
2025-06-23 08:23:31,653 [INFO] ApplicationProperties:184 - Using Application install path: C:\ST\STM32CubeIDE_1.18.0\STM32CubeIDE\plugins\com.st.stm32cube.common.mx_6.14.1.202504091515
2025-06-23 08:23:31,687 [INFO] DbMcusXml:78 - Set database path to: C:\ST\STM32CubeIDE_1.18.0\STM32CubeIDE\plugins\com.st.stm32cube.common.mx_6.14.1.202504091515\\db\/mcu/
2025-06-23 08:23:31,687 [INFO] ApiDb:274 - Set plugin database path to: C:\ST\STM32CubeIDE_1.18.0\STM32CubeIDE\plugins\com.st.stm32cube.common.mx_6.14.1.202504091515\\db\/plugins/boardmanager/
2025-06-23 08:23:31,688 [WARN] ApiDb:259 - Overriding images path with different value:  => C:\ST\STM32CubeIDE_1.18.0\STM32CubeIDE\plugins\com.st.stm32cube.common.mx_6.14.1.202504091515\\db\/plugins/mcufinder/images/
2025-06-23 08:23:31,702 [INFO] ApiDb:250 - Set database path to: C:\Users\b1601\.stmcufinder\plugins\mcufinder//mcu/
2025-06-23 08:23:31,704 [INFO] DbMcusAds:125 - Set database path to: C:\Users\b1601\.stmcufinder\plugins\mcufinder//mcu/
2025-06-23 08:23:31,709 [INFO] CrossReferenceDbSqlite:203 - Set database path to: C:\Users\b1601\.stmcufinder\plugins\mcufinder//mcu/cs/
2025-06-23 08:23:31,990 [INFO] RulesReader:64 - Compatibility file has been processed (302 Rules)
2025-06-23 08:23:32,163 [INFO] DbMcusXml:78 - Set database path to: C:\ST\STM32CubeIDE_1.18.0\STM32CubeIDE\plugins\com.st.stm32cube.common.mx_6.14.1.202504091515\\db\/mcu/
2025-06-23 08:23:32,164 [INFO] ApiDb:274 - Set plugin database path to: C:\ST\STM32CubeIDE_1.18.0\STM32CubeIDE\plugins\com.st.stm32cube.common.mx_6.14.1.202504091515\\db\/plugins/boardmanager/
2025-06-23 08:23:32,164 [INFO] ApiDb:261 - Set plugin images path to: C:\ST\STM32CubeIDE_1.18.0\STM32CubeIDE\plugins\com.st.stm32cube.common.mx_6.14.1.202504091515\\db\/plugins/mcufinder/images/
2025-06-23 08:23:32,164 [WARN] DbFile:41 - Overriding database path with different value: C:\Users\b1601\.stmcufinder\plugins\mcufinder/ => C:\Users\b1601\.stmcufinder\plugins\mcufinder
2025-06-23 08:23:32,164 [INFO] ApiDb:250 - Set database path to: C:\Users\b1601\.stmcufinder\plugins\mcufinder//mcu/
2025-06-23 08:23:32,165 [WARN] DbFile:41 - Overriding database path with different value: C:\Users\b1601\.stmcufinder\plugins\mcufinder/ => C:\Users\b1601\.stmcufinder\plugins\mcufinder
2025-06-23 08:23:32,165 [INFO] DbMcusAds:125 - Set database path to: C:\Users\b1601\.stmcufinder\plugins\mcufinder//mcu/
2025-06-23 08:23:32,165 [WARN] DbFile:41 - Overriding database path with different value: C:\Users\b1601\.stmcufinder\plugins\mcufinder/ => C:\Users\b1601\.stmcufinder\plugins\mcufinder
2025-06-23 08:23:32,165 [WARN] DbFile:41 - Overriding database path with different value: C:\Users\b1601\.stmcufinder\plugins\mcufinder/ => C:\Users\b1601\.stmcufinder\plugins\mcufinder
2025-06-23 08:23:32,165 [INFO] CrossReferenceDbSqlite:203 - Set database path to: C:\Users\b1601\.stmcufinder\plugins\mcufinder//mcu/cs/
2025-06-23 08:23:32,334 [INFO] MainPanel:272 - HeapMemory: 268435456
2025-06-23 08:23:32,618 [INFO] DbMcusXml:78 - Set database path to: C:\ST\STM32CubeIDE_1.18.0\STM32CubeIDE\plugins\com.st.stm32cube.common.mx_6.14.1.202504091515\\db\/mcu/
2025-06-23 08:23:32,618 [INFO] ApiDb:274 - Set plugin database path to: C:\ST\STM32CubeIDE_1.18.0\STM32CubeIDE\plugins\com.st.stm32cube.common.mx_6.14.1.202504091515\\db\/plugins/boardmanager/
2025-06-23 08:23:32,619 [INFO] ApiDb:261 - Set plugin images path to: C:\ST\STM32CubeIDE_1.18.0\STM32CubeIDE\plugins\com.st.stm32cube.common.mx_6.14.1.202504091515\\db\/plugins/mcufinder/images/
2025-06-23 08:23:32,619 [WARN] DbFile:41 - Overriding database path with different value: C:\Users\b1601\.stmcufinder\plugins\mcufinder/ => C:\Users\b1601\.stmcufinder\plugins\mcufinder
2025-06-23 08:23:32,620 [INFO] ApiDb:250 - Set database path to: C:\Users\b1601\.stmcufinder\plugins\mcufinder//mcu/
2025-06-23 08:23:32,620 [WARN] DbFile:41 - Overriding database path with different value: C:\Users\b1601\.stmcufinder\plugins\mcufinder/ => C:\Users\b1601\.stmcufinder\plugins\mcufinder
2025-06-23 08:23:32,620 [INFO] DbMcusAds:125 - Set database path to: C:\Users\b1601\.stmcufinder\plugins\mcufinder//mcu/
2025-06-23 08:23:32,620 [WARN] DbFile:41 - Overriding database path with different value: C:\Users\b1601\.stmcufinder\plugins\mcufinder/ => C:\Users\b1601\.stmcufinder\plugins\mcufinder
2025-06-23 08:23:32,620 [WARN] DbFile:41 - Overriding database path with different value: C:\Users\b1601\.stmcufinder\plugins\mcufinder/ => C:\Users\b1601\.stmcufinder\plugins\mcufinder
2025-06-23 08:23:32,620 [INFO] CrossReferenceDbSqlite:203 - Set database path to: C:\Users\b1601\.stmcufinder\plugins\mcufinder//mcu/cs/
2025-06-23 08:23:32,655 [INFO] ApplicationProperties:184 - Using Application install path: C:\ST\STM32CubeIDE_1.18.0\STM32CubeIDE\plugins\com.st.stm32cube.common.mx_6.14.1.202504091515
2025-06-23 08:23:32,658 [INFO] PluginManage:196 - Search for loadable plugins [exclusion list=, ]
2025-06-23 08:23:32,660 [INFO] PluginManage:310 - Check plugin analytics
2025-06-23 08:23:33,043 [INFO] AnalyticsPlugin:253 - Accepted Software Licenses: 
2025-06-23 08:23:33,043 [INFO] AnalyticsPlugin:255 - Accepted CMSIS Pack Licenses: 
2025-06-23 08:23:33,043 [INFO] AnalyticsPlugin:257 - Accepted Firmware Licenses: 
2025-06-23 08:23:33,048 [INFO] PluginManage:359 - Loaded plugin analytics (category:tool,tabindex:-1)
2025-06-23 08:23:33,048 [INFO] PluginManage:310 - Check plugin cadmodel
2025-06-23 08:23:33,059 [INFO] CADModel:105 - Init CAD model plugin
2025-06-23 08:23:33,059 [INFO] PluginManage:359 - Loaded plugin cadmodel (category:power,tabindex:5)
2025-06-23 08:23:33,060 [INFO] PluginManage:310 - Check plugin clock
2025-06-23 08:23:33,083 [INFO] PluginManage:359 - Loaded plugin clock (category:base,tabindex:2)
2025-06-23 08:23:33,084 [INFO] PluginManage:310 - Check plugin ddr
2025-06-23 08:23:33,088 [INFO] PluginManage:359 - Loaded plugin ddr (category:tool,tabindex:6)
2025-06-23 08:23:33,089 [INFO] PluginManage:310 - Check plugin filemanager
2025-06-23 08:23:33,394 [INFO] PluginManage:359 - Loaded plugin filemanager (category:base,tabindex:10)
2025-06-23 08:23:33,394 [INFO] PluginManage:310 - Check plugin ipmanager
2025-06-23 08:23:33,406 [INFO] PluginManage:359 - Loaded plugin ipmanager (category:base,tabindex:5)
2025-06-23 08:23:33,406 [INFO] PluginManage:310 - Check plugin lpbam
2025-06-23 08:23:33,421 [INFO] PluginManage:359 - Loaded plugin lpbam (category:base,tabindex:0)
2025-06-23 08:23:33,421 [INFO] PluginManage:310 - Check plugin memorymap
2025-06-23 08:23:33,466 [INFO] PluginManage:359 - Loaded plugin memorymap (category:base,tabindex:4)
2025-06-23 08:23:33,467 [INFO] PluginManage:310 - Check plugin pinoutandconfiguration
2025-06-23 08:23:33,485 [INFO] PluginManage:359 - Loaded plugin pinoutandconfiguration (category:base,tabindex:1)
2025-06-23 08:23:33,486 [INFO] PluginManage:310 - Check plugin pinoutconfig
2025-06-23 08:23:33,674 [WARN] SupportedApi:132 - Cannot load RTOS API schema: s4s-elt-must-match.1: The content of 'definitions' must match (annotation?, (simpleType | complexType)?, (unique | key | keyref)*)). A problem was found starting at: attribute.
2025-06-23 08:23:33,966 [INFO] PluginManage:359 - Loaded plugin pinoutconfig (category:base,tabindex:0)
2025-06-23 08:23:33,967 [INFO] PluginManage:310 - Check plugin power
2025-06-23 08:23:33,985 [INFO] PluginManage:359 - Loaded plugin power (category:power,tabindex:4)
2025-06-23 08:23:33,985 [INFO] PluginManage:310 - Check plugin projectmanager
2025-06-23 08:23:34,012 [INFO] PluginManage:359 - Loaded plugin projectmanager (category:projectmanager,tabindex:4)
2025-06-23 08:23:34,013 [INFO] PluginManage:310 - Check plugin rif
2025-06-23 08:23:34,028 [INFO] PluginManage:359 - Loaded plugin rif (category:base,tabindex:3)
2025-06-23 08:23:34,028 [INFO] PluginManage:310 - Check plugin thirdparty
2025-06-23 08:23:34,303 [INFO] PluginManage:359 - Loaded plugin thirdparty (category:base,tabindex:-1)
2025-06-23 08:23:34,302 [WARN] IntegrityCheckThread:84 - waiting for thirdparty lock release [integrity check]
2025-06-23 08:23:34,303 [INFO] PluginManage:310 - Check plugin tools
2025-06-23 08:23:34,303 [INFO] IntegrityCheckThread:86 - entering critical section [integrity check]
2025-06-23 08:23:34,303 [INFO] ThirdPartyUpdaterWithRetryManager:70 - Updater plugin not ready yet. [1/15]
2025-06-23 08:23:34,308 [INFO] PluginManage:359 - Loaded plugin tools (category:base,tabindex:7)
2025-06-23 08:23:34,309 [INFO] PluginManage:310 - Check plugin tutovideos
2025-06-23 08:23:34,698 [INFO] PluginManage:359 - Loaded plugin tutovideos (category:base,tabindex:-1)
2025-06-23 08:23:34,698 [INFO] PluginManage:310 - Check plugin updater
2025-06-23 08:23:34,768 [INFO] PluginManage:359 - Loaded plugin updater (category:base,tabindex:12)
2025-06-23 08:23:34,769 [INFO] PluginManage:310 - Check plugin userauth
2025-06-23 08:23:34,776 [INFO] UserAuth:118 - Init User Auth plugin
2025-06-23 08:23:34,778 [INFO] PluginManage:359 - Loaded plugin userauth (category:base,tabindex:14)
2025-06-23 08:23:34,779 [INFO] PluginManage:283 - PluginManage : Loaded plugins [18]
2025-06-23 08:23:35,193 [INFO] PinOutPanel:1589 - setPackage(No Configuration,No Configuration)
2025-06-23 08:23:35,345 [INFO] CADModel:165 - CPN selected for project level
2025-06-23 08:23:35,345 [INFO] CADModel:114 - Register for checkConnection events
2025-06-23 08:23:35,379 [INFO] IPUIPlugin:80 - create IPUIPlugin
2025-06-23 08:23:35,379 [INFO] PluginManager:220 - loadIPPluginJar : add adc
2025-06-23 08:23:35,384 [INFO] IPUIPlugin:80 - create IPUIPlugin
2025-06-23 08:23:35,385 [INFO] PluginManager:220 - loadIPPluginJar : add aes
2025-06-23 08:23:35,390 [INFO] IPUIPlugin:80 - create IPUIPlugin
2025-06-23 08:23:35,391 [INFO] PluginManager:220 - loadIPPluginJar : add can
2025-06-23 08:23:35,395 [INFO] IPUIPlugin:80 - create IPUIPlugin
2025-06-23 08:23:35,395 [INFO] PluginManager:220 - loadIPPluginJar : add comp
2025-06-23 08:23:35,400 [INFO] IPUIPlugin:80 - create IPUIPlugin
2025-06-23 08:23:35,400 [INFO] PluginManager:220 - loadIPPluginJar : add cryp
2025-06-23 08:23:35,406 [INFO] IPUIPlugin:80 - create IPUIPlugin
2025-06-23 08:23:35,406 [INFO] PluginManager:220 - loadIPPluginJar : add ddr_ctrl_phy
2025-06-23 08:23:35,412 [INFO] IPUIPlugin:80 - create IPUIPlugin
2025-06-23 08:23:35,412 [INFO] PluginManager:220 - loadIPPluginJar : add dfsdm
2025-06-23 08:23:35,421 [INFO] IPUIPlugin:80 - create IPUIPlugin
2025-06-23 08:23:35,422 [INFO] PluginManager:220 - loadIPPluginJar : add dma
2025-06-23 08:23:35,426 [INFO] IPUIPlugin:80 - create IPUIPlugin
2025-06-23 08:23:35,427 [INFO] PluginManager:220 - loadIPPluginJar : add dma3
2025-06-23 08:23:35,455 [INFO] IPUIPlugin:80 - create IPUIPlugin
2025-06-23 08:23:35,455 [INFO] PluginManager:220 - loadIPPluginJar : add extmemmanager
2025-06-23 08:23:35,458 [INFO] IPUIPlugin:80 - create IPUIPlugin
2025-06-23 08:23:35,458 [INFO] PluginManager:220 - loadIPPluginJar : add fatfs
2025-06-23 08:23:35,465 [INFO] IPUIPlugin:80 - create IPUIPlugin
2025-06-23 08:23:35,465 [INFO] PluginManager:220 - loadIPPluginJar : add fmc
2025-06-23 08:23:35,477 [INFO] IPUIPlugin:80 - create IPUIPlugin
2025-06-23 08:23:35,478 [INFO] PluginManager:220 - loadIPPluginJar : add freertos
2025-06-23 08:23:35,481 [INFO] IPUIPlugin:80 - create IPUIPlugin
2025-06-23 08:23:35,481 [INFO] PluginManager:220 - loadIPPluginJar : add genericplugin
2025-06-23 08:23:35,485 [INFO] IPUIPlugin:80 - create IPUIPlugin
2025-06-23 08:23:35,485 [INFO] PluginManager:220 - loadIPPluginJar : add gfxmmu
2025-06-23 08:23:35,494 [INFO] IPUIPlugin:80 - create IPUIPlugin
2025-06-23 08:23:35,494 [INFO] PluginManager:220 - loadIPPluginJar : add gic
2025-06-23 08:23:35,501 [INFO] IPUIPlugin:80 - create IPUIPlugin
2025-06-23 08:23:35,501 [INFO] PluginManager:220 - loadIPPluginJar : add gpio
2025-06-23 08:23:35,506 [INFO] IPUIPlugin:80 - create IPUIPlugin
2025-06-23 08:23:35,506 [INFO] PluginManager:220 - loadIPPluginJar : add gtzc
2025-06-23 08:23:35,511 [INFO] IPUIPlugin:80 - create IPUIPlugin
2025-06-23 08:23:35,511 [INFO] PluginManager:220 - loadIPPluginJar : add hash
2025-06-23 08:23:35,516 [INFO] IPUIPlugin:80 - create IPUIPlugin
2025-06-23 08:23:35,517 [INFO] PluginManager:220 - loadIPPluginJar : add i2c
2025-06-23 08:23:35,521 [INFO] IPUIPlugin:80 - create IPUIPlugin
2025-06-23 08:23:35,522 [INFO] PluginManager:220 - loadIPPluginJar : add i2s
2025-06-23 08:23:35,526 [INFO] IPUIPlugin:80 - create IPUIPlugin
2025-06-23 08:23:35,527 [INFO] PluginManager:220 - loadIPPluginJar : add i3c
2025-06-23 08:23:35,532 [INFO] IPUIPlugin:80 - create IPUIPlugin
2025-06-23 08:23:35,532 [INFO] PluginManager:220 - loadIPPluginJar : add ipddr
2025-06-23 08:23:35,543 [INFO] IPUIPlugin:80 - create IPUIPlugin
2025-06-23 08:23:35,543 [INFO] PluginManager:220 - loadIPPluginJar : add linkedlist
2025-06-23 08:23:35,549 [INFO] IPUIPlugin:80 - create IPUIPlugin
2025-06-23 08:23:35,549 [INFO] PluginManager:220 - loadIPPluginJar : add lorawan
2025-06-23 08:23:35,552 [INFO] IPUIPlugin:80 - create IPUIPlugin
2025-06-23 08:23:35,552 [INFO] PluginManager:220 - loadIPPluginJar : add ltdc
2025-06-23 08:23:35,562 [INFO] IPUIPlugin:80 - create IPUIPlugin
2025-06-23 08:23:35,563 [INFO] PluginManager:220 - loadIPPluginJar : add mdma
2025-06-23 08:23:35,570 [INFO] IPUIPlugin:80 - create IPUIPlugin
2025-06-23 08:23:35,570 [INFO] PluginManager:220 - loadIPPluginJar : add nvic
2025-06-23 08:23:35,575 [INFO] IPUIPlugin:80 - create IPUIPlugin
2025-06-23 08:23:35,575 [INFO] PluginManager:220 - loadIPPluginJar : add opamp
2025-06-23 08:23:35,582 [INFO] IPUIPlugin:80 - create IPUIPlugin
2025-06-23 08:23:35,582 [INFO] PluginManager:220 - loadIPPluginJar : add openamp
2025-06-23 08:23:35,588 [INFO] IPUIPlugin:80 - create IPUIPlugin
2025-06-23 08:23:35,588 [INFO] PluginManager:220 - loadIPPluginJar : add pdm2pcm
2025-06-23 08:23:35,598 [INFO] IPUIPlugin:80 - create IPUIPlugin
2025-06-23 08:23:35,602 [INFO] PluginManager:220 - loadIPPluginJar : add plateformsettings
2025-06-23 08:23:35,606 [INFO] IPUIPlugin:80 - create IPUIPlugin
2025-06-23 08:23:35,606 [INFO] PluginManager:220 - loadIPPluginJar : add quadspi
2025-06-23 08:23:35,610 [INFO] IPUIPlugin:80 - create IPUIPlugin
2025-06-23 08:23:35,617 [INFO] PluginManager:220 - loadIPPluginJar : add radio
2025-06-23 08:23:35,626 [INFO] IPUIPlugin:80 - create IPUIPlugin
2025-06-23 08:23:35,626 [INFO] PluginManager:220 - loadIPPluginJar : add resmgrutility
2025-06-23 08:23:35,630 [INFO] IPUIPlugin:80 - create IPUIPlugin
2025-06-23 08:23:35,630 [INFO] PluginManager:220 - loadIPPluginJar : add sai
2025-06-23 08:23:35,636 [INFO] IPUIPlugin:80 - create IPUIPlugin
2025-06-23 08:23:35,636 [INFO] PluginManager:220 - loadIPPluginJar : add spi
2025-06-23 08:23:35,645 [INFO] IPUIPlugin:80 - create IPUIPlugin
2025-06-23 08:23:35,645 [INFO] PluginManager:220 - loadIPPluginJar : add stm32_wpan
2025-06-23 08:23:35,648 [INFO] IPUIPlugin:80 - create IPUIPlugin
2025-06-23 08:23:35,648 [INFO] PluginManager:220 - loadIPPluginJar : add tim
2025-06-23 08:23:35,654 [INFO] IPUIPlugin:80 - create IPUIPlugin
2025-06-23 08:23:35,655 [INFO] PluginManager:220 - loadIPPluginJar : add touchsensing
2025-06-23 08:23:35,658 [INFO] IPUIPlugin:80 - create IPUIPlugin
2025-06-23 08:23:35,658 [INFO] PluginManager:220 - loadIPPluginJar : add tracer_emb
2025-06-23 08:23:35,661 [INFO] IPUIPlugin:80 - create IPUIPlugin
2025-06-23 08:23:35,661 [INFO] PluginManager:220 - loadIPPluginJar : add ts
2025-06-23 08:23:35,664 [INFO] IPUIPlugin:80 - create IPUIPlugin
2025-06-23 08:23:35,664 [INFO] PluginManager:220 - loadIPPluginJar : add tsc
2025-06-23 08:23:35,668 [INFO] IPUIPlugin:80 - create IPUIPlugin
2025-06-23 08:23:35,668 [INFO] PluginManager:220 - loadIPPluginJar : add ucpd
2025-06-23 08:23:35,674 [INFO] IPUIPlugin:80 - create IPUIPlugin
2025-06-23 08:23:35,674 [INFO] PluginManager:220 - loadIPPluginJar : add usart
2025-06-23 08:23:35,680 [INFO] IPUIPlugin:80 - create IPUIPlugin
2025-06-23 08:23:35,680 [INFO] PluginManager:220 - loadIPPluginJar : add usbx
2025-06-23 08:23:35,861 [FATAL] Updater:351 - Updater called before beeing initialized
2025-06-23 08:23:35,911 [INFO] RulesReader:64 - Compatibility file has been processed (302 Rules)
2025-06-23 08:23:35,930 [INFO] RulesReader:64 - Compatibility file has been processed (302 Rules)
2025-06-23 08:23:35,941 [INFO] CADModel:165 - CPN selected for project level
2025-06-23 08:23:35,941 [INFO] CADModel:114 - Register for checkConnection events
2025-06-23 08:23:35,942 [FATAL] Updater:351 - Updater called before beeing initialized
2025-06-23 08:23:35,942 [ERROR] CADModel:125 - Updater not yet initialized, retry later 
2025-06-23 08:23:36,199 [FATAL] Updater:351 - Updater called before beeing initialized
2025-06-23 08:23:36,203 [INFO] CADModel:165 - CPN selected for project level
2025-06-23 08:23:36,203 [INFO] CADModel:114 - Register for checkConnection events
2025-06-23 08:23:36,203 [FATAL] Updater:351 - Updater called before beeing initialized
2025-06-23 08:23:36,203 [ERROR] CADModel:125 - Updater not yet initialized, retry later 
2025-06-23 08:23:36,209 [FATAL] Updater:351 - Updater called before beeing initialized
2025-06-23 08:23:36,403 [FATAL] Updater:351 - Updater called before beeing initialized
2025-06-23 08:23:36,410 [INFO] DbMcusAds:53 - JSON generation date=Thu Jun 19 11:32:34 TRT 2025 (1750321954415)
2025-06-23 08:23:36,410 [FATAL] Updater:351 - Updater called before beeing initialized
2025-06-23 08:23:36,466 [WARN] DetailPanel:346 - Failed to get advertising image, set to default
2025-06-23 08:23:36,832 [FATAL] Updater:351 - Updater called before beeing initialized
2025-06-23 08:23:36,834 [FATAL] Updater:351 - Updater called before beeing initialized
2025-06-23 08:23:36,835 [FATAL] Updater:351 - Updater called before beeing initialized
2025-06-23 08:23:36,835 [WARN] DetailPanel:346 - Failed to get advertising image, set to default
2025-06-23 08:23:36,836 [FATAL] Updater:351 - Updater called before beeing initialized
2025-06-23 08:23:36,908 [ERROR] Updater:1198 - MainUpdater not yet initialized. External WinMGr cannot be set.
2025-06-23 08:23:36,911 [INFO] Updater:1134 - Updater Version found : 6.14.1
2025-06-23 08:23:36,938 [INFO] ApplicationProperties:184 - Using Application install path: C:\ST\STM32CubeIDE_1.18.0\STM32CubeIDE\plugins\com.st.stm32cube.common.mx_6.14.1.202504091515
2025-06-23 08:23:37,271 [INFO] MainUpdater:2872 - connection check result : 22
2025-06-23 08:23:37,272 [INFO] MainUpdater:289 - Updater Check For Update Now.
2025-06-23 08:23:37,272 [INFO] MicroXplorer:498 - Change Database Version : DB.6.0.141
2025-06-23 08:23:37,281 [INFO] McuFinderGlobals:63 - Set McuFinder mode to 2 (CubeIDE integrated)
2025-06-23 08:23:37,283 [INFO] UserAuth:484 - Internet connection configuration mode: 2
2025-06-23 08:23:37,294 [INFO] UserAuth:484 - Internet connection configuration mode: 2
2025-06-23 08:23:37,305 [WARN] MainUpdater:1193 - Updater busy. Cannot search thirdparties
2025-06-23 08:23:37,305 [INFO] ThirdPartyUpdaterWithRetryManager:96 - Updater plugin is busy. [1/15]
2025-06-23 08:23:37,506 [INFO] CheckServerUpdateThread:120 - End of CheckServer Thread
2025-06-23 08:23:40,631 [WARN] PackLoader:240 - Cannot read IP mode file for STMicroelectronics.FP-SNS-MOTENVWB1.1.4.0
2025-06-23 08:23:40,644 [WARN] PackLoader:240 - Cannot read IP mode file for STMicroelectronics.FP-ATR-ASTRA1.2.0.2
2025-06-23 08:23:40,659 [WARN] PackLoader:240 - Cannot read IP mode file for STMicroelectronics.X-CUBE-SMBUS.2.1.0
2025-06-23 08:23:40,669 [WARN] PackLoader:240 - Cannot read IP mode file for STMicroelectronics.X-CUBE-ST60.1.0.0
2025-06-23 08:23:40,714 [WARN] PackLoader:240 - Cannot read IP mode file for STMicroelectronics.X-CUBE-AZRTOS-F7.1.1.0
2025-06-23 08:23:40,758 [WARN] PackLoader:240 - Cannot read IP mode file for Infineon.AIROC-Wi-Fi-Bluetooth-STM32.1.7.0
2025-06-23 08:23:40,781 [WARN] PackLoader:240 - Cannot read IP mode file for STMicroelectronics.X-CUBE-DISPLAY.3.0.0
2025-06-23 08:23:40,799 [WARN] PackLoader:240 - Cannot read IP mode file for STMicroelectronics.X-CUBE-NFC10.1.0.0
2025-06-23 08:23:40,825 [WARN] PackLoader:240 - Cannot read IP mode file for STMicroelectronics.X-CUBE-BLEMGR.4.0.0
2025-06-23 08:23:40,838 [WARN] PackLoader:240 - Cannot read IP mode file for emotas.I-CUBE-CANOPEN.1.3.0
2025-06-23 08:23:40,845 [WARN] ConditionMgr:438 - getConditionDescription Invalid condition id : Cortex-A Device cause : null
2025-06-23 08:23:40,860 [WARN] ConditionMgr:1044 - genDependencies : Invalid condition id : Cortex-A Device cause : null
2025-06-23 08:23:40,861 [WARN] ConditionMgr:1044 - genDependencies : Invalid condition id : Cortex-A Device cause : null
2025-06-23 08:23:40,861 [WARN] ConditionMgr:1044 - genDependencies : Invalid condition id : Cortex-A Device cause : null
2025-06-23 08:23:40,867 [WARN] PackLoader:240 - Cannot read IP mode file for STMicroelectronics.X-CUBE-AI.10.0.0
2025-06-23 08:23:40,873 [WARN] PackLoader:240 - Cannot read IP mode file for STMicroelectronics.FP-SNS-SMARTAG2.1.2.0
2025-06-23 08:23:40,880 [WARN] PackLoader:240 - Cannot read IP mode file for STMicroelectronics.FP-SNS-FLIGHT1.5.1.0
2025-06-23 08:23:40,895 [INFO] LogOutputStream:77 - [STDOUT_REDIRECT] 1 : Invalid condition id : UX_CORESTACK_Condition cause : null
2025-06-23 08:23:40,896 [INFO] LogOutputStream:77 - [STDOUT_REDIRECT] 1 : Invalid condition id : UX_CORESTACK_Condition cause : null
2025-06-23 08:23:40,897 [INFO] LogOutputStream:77 - [STDOUT_REDIRECT] 1 : Invalid condition id : UX_CORESTACK_Condition cause : null
2025-06-23 08:23:40,899 [INFO] LogOutputStream:77 - [STDOUT_REDIRECT] 1 : Invalid condition id : UX_CORESTACK_Condition cause : null
2025-06-23 08:23:40,902 [INFO] LogOutputStream:77 - [STDOUT_REDIRECT] 1 : Invalid condition id : UX_CORESTACK_Condition cause : null
2025-06-23 08:23:40,907 [WARN] PackLoader:240 - Cannot read IP mode file for STMicroelectronics.X-CUBE-AZRTOS-WL.2.0.0
2025-06-23 08:23:40,915 [WARN] PackLoader:240 - Cannot read IP mode file for STMicroelectronics.FP-SNS-MOTENV1.5.0.0
2025-06-23 08:23:40,927 [WARN] PackLoader:240 - Cannot read IP mode file for WES.I-CUBE-Cesium.1.3.0
2025-06-23 08:23:40,934 [WARN] PackLoader:240 - Cannot read IP mode file for STMicroelectronics.X-CUBE-BLE2.3.3.0
2025-06-23 08:23:40,944 [WARN] PackLoader:240 - Cannot read IP mode file for STMicroelectronics.X-CUBE-NFC9.1.0.0
2025-06-23 08:23:40,954 [WARN] PackLoader:240 - Cannot read IP mode file for wolfSSL.I-CUBE-wolfSSL.5.8.0
2025-06-23 08:23:40,961 [WARN] PackLoader:240 - Cannot read IP mode file for STMicroelectronics.X-CUBE-BLE1.7.1.0
2025-06-23 08:23:40,968 [WARN] PackLoader:240 - Cannot read IP mode file for wolfSSL.I-CUBE-wolfMQTT.1.19.2
2025-06-23 08:23:40,974 [WARN] PackLoader:240 - Cannot read IP mode file for STMicroelectronics.X-CUBE-AI.10.1.0
2025-06-23 08:23:41,062 [WARN] PackLoader:240 - Cannot read IP mode file for STMicroelectronics.X-CUBE-MEMS1.11.2.0
2025-06-23 08:23:41,267 [WARN] PackLoader:240 - Cannot read IP mode file for STMicroelectronics.X-CUBE-AZRTOS-G0.1.1.0
2025-06-23 08:23:41,280 [WARN] PackLoader:240 - Cannot read IP mode file for STMicroelectronics.X-CUBE-SAFEA1.1.2.2
2025-06-23 08:23:41,287 [WARN] PackLoader:240 - Cannot read IP mode file for STMicroelectronics.X-CUBE-NFC4.3.0.0
2025-06-23 08:23:41,299 [WARN] PackLoader:240 - Cannot read IP mode file for EmbeddedOffice.I-CUBE-FS-RTOS.1.0.1
2025-06-23 08:23:41,307 [WARN] PackLoader:240 - Cannot read IP mode file for STMicroelectronics.X-CUBE-WB05N.2.0.0
2025-06-23 08:23:41,313 [WARN] PackLoader:240 - Cannot read IP mode file for wolfSSL.I-CUBE-wolfTPM.3.8.0
2025-06-23 08:23:41,319 [WARN] PackLoader:240 - Cannot read IP mode file for STMicroelectronics.X-CUBE-TCPP.4.2.0
2025-06-23 08:23:41,328 [WARN] PackLoader:240 - Cannot read IP mode file for RealThread.X-CUBE-RT-Thread_Nano.4.1.1
2025-06-23 08:23:41,332 [WARN] PackLoader:240 - Cannot read IP mode file for STMicroelectronics.FP-ATR-SIGFOX1.3.2.0
2025-06-23 08:23:41,339 [WARN] PackLoader:240 - Cannot read IP mode file for STMicroelectronics.X-CUBE-EEPRMA1.5.1.0
2025-06-23 08:23:41,349 [WARN] PackLoader:240 - Cannot read IP mode file for ITTIA_DB.I-CUBE-ITTIADB.8.9.0
2025-06-23 08:23:41,357 [WARN] PackLoader:240 - Cannot read IP mode file for STMicroelectronics.X-CUBE-ST67W61.1.0.0
2025-06-23 08:23:41,392 [WARN] PackLoader:240 - Cannot read IP mode file for SEGGER.I-CUBE-embOS.1.3.1
2025-06-23 08:23:41,442 [WARN] PackLoader:240 - Cannot read IP mode file for STMicroelectronics.X-CUBE-ALGOBUILD.1.4.0
2025-06-23 08:23:41,503 [WARN] PackLoader:240 - Cannot read IP mode file for STMicroelectronics.X-CUBE-MEMS1.11.3.0
2025-06-23 08:23:41,652 [WARN] PackLoader:240 - Cannot read IP mode file for STMicroelectronics.X-CUBE-PM33A1.1.0.0
2025-06-23 08:23:41,671 [WARN] PackLoader:240 - Cannot read IP mode file for STMicroelectronics.X-CUBE-AZRTOS-F4.1.1.0
2025-06-23 08:23:41,677 [WARN] PackLoader:240 - Cannot read IP mode file for Avnet-IotConnect.X-CUBE-IoTC-DA16k-PMOD.1.0.0
2025-06-23 08:23:41,683 [WARN] PackLoader:240 - Cannot read IP mode file for STMicroelectronics.X-CUBE-ISPU.2.1.0
2025-06-23 08:23:41,705 [WARN] PackLoader:240 - Cannot read IP mode file for STMicroelectronics.X-CUBE-AZRTOS-L5.2.0.0
2025-06-23 08:23:41,716 [WARN] PackLoader:240 - Cannot read IP mode file for STMicroelectronics.X-CUBE-NFC6.3.1.0
2025-06-23 08:23:41,726 [WARN] PackLoader:240 - Cannot read IP mode file for STMicroelectronics.X-CUBE-FREERTOS.1.3.1
2025-06-23 08:23:41,733 [WARN] PackLoader:240 - Cannot read IP mode file for STMicroelectronics.X-CUBE-DPower.1.3.0
2025-06-23 08:23:41,758 [WARN] ConditionMgr:438 - getConditionDescription Invalid condition id : LAN8742 Phy interface Condition cause : null
2025-06-23 08:23:41,759 [WARN] PackLoader:240 - Cannot read IP mode file for STMicroelectronics.X-CUBE-AZRTOS-L4.2.0.0
2025-06-23 08:23:41,760 [WARN] ConditionMgr:1044 - genDependencies : Invalid condition id : LAN8742 Phy interface Condition cause : null
2025-06-23 08:23:41,760 [WARN] ConditionMgr:1044 - genDependencies : Invalid condition id : LAN8742 Phy interface Condition cause : null
2025-06-23 08:23:41,761 [WARN] ConditionMgr:1044 - genDependencies : Invalid condition id : LAN8742 Phy interface Condition cause : null
2025-06-23 08:23:41,771 [WARN] PackLoader:240 - Cannot read IP mode file for STMicroelectronics.X-CUBE-SFXS2LP1.4.0.0
2025-06-23 08:23:41,796 [WARN] PackLoader:240 - Cannot read IP mode file for STMicroelectronics.X-CUBE-AZRTOS-H7.3.3.0
2025-06-23 08:23:41,813 [WARN] ConditionMgr:438 - getConditionDescription Invalid condition id : UX DEVICE CLASS RTOS Condition cause : null
2025-06-23 08:23:41,813 [WARN] ConditionMgr:438 - getConditionDescription Invalid condition id : UX DEVICE CLASS RTOS Condition cause : null
2025-06-23 08:23:41,816 [WARN] PackLoader:240 - Cannot read IP mode file for STMicroelectronics.X-CUBE-AZRTOS-WB.2.0.0
2025-06-23 08:23:41,817 [WARN] ConditionMgr:1044 - genDependencies : Invalid condition id : UX DEVICE CLASS RTOS Condition cause : null
2025-06-23 08:23:41,817 [WARN] ConditionMgr:1044 - genDependencies : Invalid condition id : UX DEVICE CLASS RTOS Condition cause : null
2025-06-23 08:23:41,818 [WARN] ConditionMgr:1044 - genDependencies : Invalid condition id : UX DEVICE CLASS RTOS Condition cause : null
2025-06-23 08:23:41,818 [WARN] ConditionMgr:1044 - genDependencies : Invalid condition id : UX DEVICE CLASS RTOS Condition cause : null
2025-06-23 08:23:41,818 [WARN] ConditionMgr:1044 - genDependencies : Invalid condition id : UX DEVICE CLASS RTOS Condition cause : null
2025-06-23 08:23:41,828 [WARN] PackLoader:240 - Cannot read IP mode file for STMicroelectronics.X-CUBE-GNSS1.7.0.1
2025-06-23 08:23:41,835 [WARN] PackLoader:240 - Cannot read IP mode file for STMicroelectronics.X-CUBE-TOUCHGFX.4.25.0
2025-06-23 08:23:41,845 [WARN] PackLoader:240 - Cannot read IP mode file for STMicroelectronics.FP-SNS-STBOX1.2.0.0
2025-06-23 08:23:41,868 [WARN] PackLoader:240 - Cannot read IP mode file for STMicroelectronics.X-CUBE-SUBG2.5.0.0
2025-06-23 08:23:41,904 [WARN] PackLoader:240 - Cannot read IP mode file for STMicroelectronics.X-CUBE-AZRTOS-H7RS.1.1.0
2025-06-23 08:23:41,914 [WARN] PackLoader:240 - Cannot read IP mode file for Cesanta.I-CUBE-Mongoose.7.13.0
2025-06-23 08:23:41,935 [WARN] PackLoader:240 - Cannot read IP mode file for STMicroelectronics.X-CUBE-AZRTOS-G4.2.0.0
2025-06-23 08:23:41,943 [WARN] PackLoader:240 - Cannot read IP mode file for wolfSSL.I-CUBE-wolfSSH.1.4.20
2025-06-23 08:23:41,950 [WARN] PackLoader:240 - Cannot read IP mode file for STMicroelectronics.X-CUBE-NFC7.2.0.0
2025-06-23 08:23:41,971 [WARN] PackLoader:240 - Cannot read IP mode file for STMicroelectronics.X-CUBE-IPS.3.1.0
2025-06-23 08:23:41,983 [WARN] PackLoader:240 - Cannot read IP mode file for STMicroelectronics.X-CUBE-ALS.1.0.2
2025-06-23 08:23:41,991 [WARN] PackLoader:240 - Cannot read IP mode file for portGmbH.I-Cube-SoM-uGOAL.1.1.0
2025-06-23 08:23:42,027 [WARN] PackLoader:240 - Cannot read IP mode file for STMicroelectronics.X-CUBE-TOF1.3.4.3
2025-06-23 08:23:42,045 [INFO] ThirdParty:978 - Integrity check success = true
2025-06-23 08:23:42,045 [INFO] IntegrityCheckThread:100 - exiting critical section [integrity check]
2025-06-23 08:23:42,045 [INFO] IntegrityCheckThread:103 - End integrity checks thread
2025-06-23 17:56:28,390 [ERROR] LogOutputStream:75 - [STDERR_REDIRECT] [Fatal Error] :1:1: Premature end of file.
2025-06-23 17:56:28,390 [ERROR] LogOutputStream:75 - [STDERR_REDIRECT] 
2025-06-23 17:56:29,374 [ERROR] LogOutputStream:75 - [STDERR_REDIRECT] [Fatal Error] :1:1: Premature end of file.
2025-06-23 17:56:29,375 [ERROR] LogOutputStream:75 - [STDERR_REDIRECT] 
2025-06-23 17:56:30,373 [ERROR] LogOutputStream:75 - [STDERR_REDIRECT] [Fatal Error] :1:1: Premature end of file.
2025-06-23 17:56:30,374 [ERROR] LogOutputStream:75 - [STDERR_REDIRECT] 
2025-06-23 17:56:31,374 [ERROR] LogOutputStream:75 - [STDERR_REDIRECT] [Fatal Error] :1:1: Premature end of file.
2025-06-23 17:56:31,374 [ERROR] LogOutputStream:75 - [STDERR_REDIRECT] 
2025-06-23 17:56:32,373 [ERROR] LogOutputStream:75 - [STDERR_REDIRECT] [Fatal Error] :1:1: Premature end of file.
2025-06-23 17:56:32,373 [ERROR] LogOutputStream:75 - [STDERR_REDIRECT] 
2025-06-23 17:56:33,373 [ERROR] LogOutputStream:75 - [STDERR_REDIRECT] [Fatal Error] :1:1: Premature end of file.
2025-06-23 17:56:33,374 [ERROR] LogOutputStream:75 - [STDERR_REDIRECT] 
2025-06-23 17:56:34,373 [ERROR] LogOutputStream:75 - [STDERR_REDIRECT] [Fatal Error] :1:1: Premature end of file.
2025-06-23 17:56:34,374 [ERROR] LogOutputStream:75 - [STDERR_REDIRECT] 
2025-06-23 17:56:35,373 [ERROR] LogOutputStream:75 - [STDERR_REDIRECT] [Fatal Error] :1:1: Premature end of file.
2025-06-23 17:56:35,373 [ERROR] LogOutputStream:75 - [STDERR_REDIRECT] 
2025-06-23 17:56:36,373 [ERROR] LogOutputStream:75 - [STDERR_REDIRECT] [Fatal Error] :1:1: Premature end of file.
2025-06-23 17:56:36,373 [ERROR] LogOutputStream:75 - [STDERR_REDIRECT] 
2025-06-23 17:56:37,374 [ERROR] LogOutputStream:75 - [STDERR_REDIRECT] [Fatal Error] :1:1: Premature end of file.
2025-06-23 17:56:37,374 [ERROR] LogOutputStream:75 - [STDERR_REDIRECT] 
2025-06-23 17:56:38,372 [ERROR] LogOutputStream:75 - [STDERR_REDIRECT] [Fatal Error] :1:1: Premature end of file.
2025-06-23 17:56:38,373 [ERROR] LogOutputStream:75 - [STDERR_REDIRECT] 
2025-06-23 17:56:39,375 [ERROR] LogOutputStream:75 - [STDERR_REDIRECT] [Fatal Error] :1:1: Premature end of file.
2025-06-23 17:56:39,375 [ERROR] LogOutputStream:75 - [STDERR_REDIRECT] 
2025-06-23 17:56:40,373 [ERROR] LogOutputStream:75 - [STDERR_REDIRECT] [Fatal Error] :1:1: Premature end of file.
2025-06-23 17:56:40,373 [ERROR] LogOutputStream:75 - [STDERR_REDIRECT] 
2025-06-23 17:56:41,374 [ERROR] LogOutputStream:75 - [STDERR_REDIRECT] [Fatal Error] :1:1: Premature end of file.
2025-06-23 17:56:41,374 [ERROR] LogOutputStream:75 - [STDERR_REDIRECT] 
2025-06-23 17:56:42,374 [ERROR] LogOutputStream:75 - [STDERR_REDIRECT] [Fatal Error] :1:1: Premature end of file.
2025-06-23 17:56:42,374 [ERROR] LogOutputStream:75 - [STDERR_REDIRECT] 
2025-06-23 17:56:43,373 [ERROR] LogOutputStream:75 - [STDERR_REDIRECT] [Fatal Error] :1:1: Premature end of file.
2025-06-23 17:56:43,373 [ERROR] LogOutputStream:75 - [STDERR_REDIRECT] 
2025-06-23 17:56:44,373 [ERROR] LogOutputStream:75 - [STDERR_REDIRECT] [Fatal Error] :1:1: Premature end of file.
2025-06-23 17:56:44,373 [ERROR] LogOutputStream:75 - [STDERR_REDIRECT] 
2025-06-23 17:56:45,373 [ERROR] LogOutputStream:75 - [STDERR_REDIRECT] [Fatal Error] :1:1: Premature end of file.
2025-06-23 17:56:45,374 [ERROR] LogOutputStream:75 - [STDERR_REDIRECT] 
2025-06-23 17:56:46,374 [ERROR] LogOutputStream:75 - [STDERR_REDIRECT] [Fatal Error] :1:1: Premature end of file.
2025-06-23 17:56:46,374 [ERROR] LogOutputStream:75 - [STDERR_REDIRECT] 
2025-06-23 17:56:47,373 [ERROR] LogOutputStream:75 - [STDERR_REDIRECT] [Fatal Error] :1:1: Premature end of file.
2025-06-23 17:56:47,373 [ERROR] LogOutputStream:75 - [STDERR_REDIRECT] 
2025-06-23 17:56:48,375 [ERROR] LogOutputStream:75 - [STDERR_REDIRECT] [Fatal Error] :1:1: Premature end of file.
2025-06-23 17:56:48,376 [ERROR] LogOutputStream:75 - [STDERR_REDIRECT] 
2025-06-23 17:56:49,374 [ERROR] LogOutputStream:75 - [STDERR_REDIRECT] [Fatal Error] :1:1: Premature end of file.
2025-06-23 17:56:49,374 [ERROR] LogOutputStream:75 - [STDERR_REDIRECT] 
2025-06-23 17:56:50,372 [ERROR] LogOutputStream:75 - [STDERR_REDIRECT] [Fatal Error] :1:1: Premature end of file.
2025-06-23 17:56:50,373 [ERROR] LogOutputStream:75 - [STDERR_REDIRECT] 
2025-06-23 17:56:51,375 [ERROR] LogOutputStream:75 - [STDERR_REDIRECT] [Fatal Error] :1:1: Premature end of file.
2025-06-23 17:56:51,375 [ERROR] LogOutputStream:75 - [STDERR_REDIRECT] 
2025-06-23 17:56:52,372 [ERROR] LogOutputStream:75 - [STDERR_REDIRECT] [Fatal Error] :1:1: Premature end of file.
2025-06-23 17:56:52,373 [ERROR] LogOutputStream:75 - [STDERR_REDIRECT] 
2025-06-23 17:56:53,373 [ERROR] LogOutputStream:75 - [STDERR_REDIRECT] [Fatal Error] :1:1: Premature end of file.
2025-06-23 17:56:53,374 [ERROR] LogOutputStream:75 - [STDERR_REDIRECT] 
2025-06-23 17:56:54,374 [ERROR] LogOutputStream:75 - [STDERR_REDIRECT] [Fatal Error] :1:1: Premature end of file.
2025-06-23 17:56:54,374 [ERROR] LogOutputStream:75 - [STDERR_REDIRECT] 
2025-06-23 17:56:55,373 [ERROR] LogOutputStream:75 - [STDERR_REDIRECT] [Fatal Error] :1:1: Premature end of file.
2025-06-23 17:56:55,373 [ERROR] LogOutputStream:75 - [STDERR_REDIRECT] 
2025-06-23 17:56:56,372 [ERROR] LogOutputStream:75 - [STDERR_REDIRECT] [Fatal Error] :1:1: Premature end of file.
2025-06-23 17:56:56,373 [ERROR] LogOutputStream:75 - [STDERR_REDIRECT] 
2025-06-23 17:56:57,375 [ERROR] LogOutputStream:75 - [STDERR_REDIRECT] [Fatal Error] :1:1: Premature end of file.
2025-06-23 17:56:57,375 [ERROR] LogOutputStream:75 - [STDERR_REDIRECT] 
2025-06-23 17:56:58,376 [ERROR] LogOutputStream:75 - [STDERR_REDIRECT] [Fatal Error] :1:1: Premature end of file.
2025-06-23 17:56:58,376 [ERROR] LogOutputStream:75 - [STDERR_REDIRECT] 
2025-06-23 17:56:59,373 [ERROR] LogOutputStream:75 - [STDERR_REDIRECT] [Fatal Error] :1:1: Premature end of file.
2025-06-23 17:56:59,373 [ERROR] LogOutputStream:75 - [STDERR_REDIRECT] 
2025-06-23 17:57:00,372 [ERROR] LogOutputStream:75 - [STDERR_REDIRECT] [Fatal Error] :1:1: Premature end of file.
2025-06-23 17:57:00,373 [ERROR] LogOutputStream:75 - [STDERR_REDIRECT] 
2025-06-23 17:57:01,372 [ERROR] LogOutputStream:75 - [STDERR_REDIRECT] [Fatal Error] :1:1: Premature end of file.
2025-06-23 17:57:01,372 [ERROR] LogOutputStream:75 - [STDERR_REDIRECT] 
2025-06-23 17:57:02,373 [ERROR] LogOutputStream:75 - [STDERR_REDIRECT] [Fatal Error] :1:1: Premature end of file.
2025-06-23 17:57:02,373 [ERROR] LogOutputStream:75 - [STDERR_REDIRECT] 
2025-06-23 17:57:03,375 [ERROR] LogOutputStream:75 - [STDERR_REDIRECT] [Fatal Error] :1:1: Premature end of file.
2025-06-23 17:57:03,375 [ERROR] LogOutputStream:75 - [STDERR_REDIRECT] 
2025-06-23 17:57:04,373 [ERROR] LogOutputStream:75 - [STDERR_REDIRECT] [Fatal Error] :1:1: Premature end of file.
2025-06-23 17:57:04,373 [ERROR] LogOutputStream:75 - [STDERR_REDIRECT] 
2025-06-23 17:57:05,372 [ERROR] LogOutputStream:75 - [STDERR_REDIRECT] [Fatal Error] :1:1: Premature end of file.
2025-06-23 17:57:05,373 [ERROR] LogOutputStream:75 - [STDERR_REDIRECT] 
2025-06-23 17:57:06,373 [ERROR] LogOutputStream:75 - [STDERR_REDIRECT] [Fatal Error] :1:1: Premature end of file.
2025-06-23 17:57:06,373 [ERROR] LogOutputStream:75 - [STDERR_REDIRECT] 
2025-06-23 17:57:07,372 [ERROR] LogOutputStream:75 - [STDERR_REDIRECT] [Fatal Error] :1:1: Premature end of file.
2025-06-23 17:57:07,373 [ERROR] LogOutputStream:75 - [STDERR_REDIRECT] 
2025-06-23 17:57:08,374 [ERROR] LogOutputStream:75 - [STDERR_REDIRECT] [Fatal Error] :1:1: Premature end of file.
2025-06-23 17:57:08,374 [ERROR] LogOutputStream:75 - [STDERR_REDIRECT] 
2025-06-23 17:57:09,372 [ERROR] LogOutputStream:75 - [STDERR_REDIRECT] [Fatal Error] :1:1: Premature end of file.
2025-06-23 17:57:09,373 [ERROR] LogOutputStream:75 - [STDERR_REDIRECT] 
2025-06-23 17:57:10,372 [ERROR] LogOutputStream:75 - [STDERR_REDIRECT] [Fatal Error] :1:1: Premature end of file.
2025-06-23 17:57:10,373 [ERROR] LogOutputStream:75 - [STDERR_REDIRECT] 
2025-06-23 17:57:11,375 [ERROR] LogOutputStream:75 - [STDERR_REDIRECT] [Fatal Error] :1:1: Premature end of file.
2025-06-23 17:57:11,375 [ERROR] LogOutputStream:75 - [STDERR_REDIRECT] 
2025-06-23 17:57:12,372 [ERROR] LogOutputStream:75 - [STDERR_REDIRECT] [Fatal Error] :1:1: Premature end of file.
2025-06-23 17:57:12,373 [ERROR] LogOutputStream:75 - [STDERR_REDIRECT] 
2025-06-23 17:57:13,373 [ERROR] LogOutputStream:75 - [STDERR_REDIRECT] [Fatal Error] :1:1: Premature end of file.
2025-06-23 17:57:13,373 [ERROR] LogOutputStream:75 - [STDERR_REDIRECT] 
2025-06-23 17:57:14,373 [ERROR] LogOutputStream:75 - [STDERR_REDIRECT] [Fatal Error] :1:1: Premature end of file.
2025-06-23 17:57:14,373 [ERROR] LogOutputStream:75 - [STDERR_REDIRECT] 
2025-06-23 17:57:15,374 [ERROR] LogOutputStream:75 - [STDERR_REDIRECT] [Fatal Error] :1:1: Premature end of file.
2025-06-23 17:57:15,374 [ERROR] LogOutputStream:75 - [STDERR_REDIRECT] 
2025-06-23 17:57:16,375 [ERROR] LogOutputStream:75 - [STDERR_REDIRECT] [Fatal Error] :1:1: Premature end of file.
2025-06-23 17:57:16,375 [ERROR] LogOutputStream:75 - [STDERR_REDIRECT] 
2025-06-23 17:57:17,373 [ERROR] LogOutputStream:75 - [STDERR_REDIRECT] [Fatal Error] :1:1: Premature end of file.
2025-06-23 17:57:17,374 [ERROR] LogOutputStream:75 - [STDERR_REDIRECT] 
2025-06-23 17:57:18,374 [ERROR] LogOutputStream:75 - [STDERR_REDIRECT] [Fatal Error] :1:1: Premature end of file.
2025-06-23 17:57:18,374 [ERROR] LogOutputStream:75 - [STDERR_REDIRECT] 
2025-06-23 17:57:19,375 [ERROR] LogOutputStream:75 - [STDERR_REDIRECT] [Fatal Error] :1:1: Premature end of file.
2025-06-23 17:57:19,375 [ERROR] LogOutputStream:75 - [STDERR_REDIRECT] 
2025-06-23 17:57:20,374 [ERROR] LogOutputStream:75 - [STDERR_REDIRECT] [Fatal Error] :1:1: Premature end of file.
2025-06-23 17:57:20,374 [ERROR] LogOutputStream:75 - [STDERR_REDIRECT] 
2025-06-23 17:57:21,374 [ERROR] LogOutputStream:75 - [STDERR_REDIRECT] [Fatal Error] :1:1: Premature end of file.
2025-06-23 17:57:21,374 [ERROR] LogOutputStream:75 - [STDERR_REDIRECT] 
2025-06-23 17:57:22,373 [ERROR] LogOutputStream:75 - [STDERR_REDIRECT] [Fatal Error] :1:1: Premature end of file.
2025-06-23 17:57:22,374 [ERROR] LogOutputStream:75 - [STDERR_REDIRECT] 
2025-06-23 17:57:23,375 [ERROR] LogOutputStream:75 - [STDERR_REDIRECT] [Fatal Error] :1:1: Premature end of file.
2025-06-23 17:57:23,375 [ERROR] LogOutputStream:75 - [STDERR_REDIRECT] 
2025-06-23 17:57:24,375 [ERROR] LogOutputStream:75 - [STDERR_REDIRECT] [Fatal Error] :1:1: Premature end of file.
2025-06-23 17:57:24,375 [ERROR] LogOutputStream:75 - [STDERR_REDIRECT] 
2025-06-23 17:57:25,374 [ERROR] LogOutputStream:75 - [STDERR_REDIRECT] [Fatal Error] :1:1: Premature end of file.
2025-06-23 17:57:25,374 [ERROR] LogOutputStream:75 - [STDERR_REDIRECT] 
2025-06-23 17:57:26,373 [ERROR] LogOutputStream:75 - [STDERR_REDIRECT] [Fatal Error] :1:1: Premature end of file.
2025-06-23 17:57:26,374 [ERROR] LogOutputStream:75 - [STDERR_REDIRECT] 
2025-06-23 17:57:27,373 [ERROR] LogOutputStream:75 - [STDERR_REDIRECT] [Fatal Error] :1:1: Premature end of file.
2025-06-23 17:57:27,374 [ERROR] LogOutputStream:75 - [STDERR_REDIRECT] 
