2025-06-25 17:46:35,439 [INFO] Activator:176 - 


2025-06-25 17:46:35,446 [INFO] Activator:177 - !SESSION log4j initialized
2025-06-25 17:46:42,241 [INFO] LogOutputStream:77 - [STDOUT_REDIRECT] 
2025-06-25 17:46:44,047 [INFO] ApplicationProperties:184 - Using Application install path: C:\ST\STM32CubeIDE_1.18.0\STM32CubeIDE\plugins\com.st.stm32cube.common.mx_6.14.1.202504091515
2025-06-25 17:46:44,068 [INFO] DbMcusXml:78 - Set database path to: C:\ST\STM32CubeIDE_1.18.0\STM32CubeIDE\plugins\com.st.stm32cube.common.mx_6.14.1.202504091515\\db\/mcu/
2025-06-25 17:46:44,069 [INFO] ApiDb:274 - Set plugin database path to: C:\ST\STM32CubeIDE_1.18.0\STM32CubeIDE\plugins\com.st.stm32cube.common.mx_6.14.1.202504091515\\db\/plugins/boardmanager/
2025-06-25 17:46:44,069 [WARN] ApiDb:259 - Overriding images path with different value:  => C:\ST\STM32CubeIDE_1.18.0\STM32CubeIDE\plugins\com.st.stm32cube.common.mx_6.14.1.202504091515\\db\/plugins/mcufinder/images/
2025-06-25 17:46:44,080 [INFO] ApiDb:250 - Set database path to: C:\Users\b1601\.stmcufinder\plugins\mcufinder//mcu/
2025-06-25 17:46:44,081 [INFO] DbMcusAds:125 - Set database path to: C:\Users\b1601\.stmcufinder\plugins\mcufinder//mcu/
2025-06-25 17:46:44,084 [INFO] CrossReferenceDbSqlite:203 - Set database path to: C:\Users\b1601\.stmcufinder\plugins\mcufinder//mcu/cs/
2025-06-25 17:46:44,236 [INFO] RulesReader:64 - Compatibility file has been processed (302 Rules)
2025-06-25 17:46:44,345 [INFO] DbMcusXml:78 - Set database path to: C:\ST\STM32CubeIDE_1.18.0\STM32CubeIDE\plugins\com.st.stm32cube.common.mx_6.14.1.202504091515\\db\/mcu/
2025-06-25 17:46:44,345 [INFO] ApiDb:274 - Set plugin database path to: C:\ST\STM32CubeIDE_1.18.0\STM32CubeIDE\plugins\com.st.stm32cube.common.mx_6.14.1.202504091515\\db\/plugins/boardmanager/
2025-06-25 17:46:44,345 [INFO] ApiDb:261 - Set plugin images path to: C:\ST\STM32CubeIDE_1.18.0\STM32CubeIDE\plugins\com.st.stm32cube.common.mx_6.14.1.202504091515\\db\/plugins/mcufinder/images/
2025-06-25 17:46:44,346 [WARN] DbFile:41 - Overriding database path with different value: C:\Users\b1601\.stmcufinder\plugins\mcufinder/ => C:\Users\b1601\.stmcufinder\plugins\mcufinder
2025-06-25 17:46:44,346 [INFO] ApiDb:250 - Set database path to: C:\Users\b1601\.stmcufinder\plugins\mcufinder//mcu/
2025-06-25 17:46:44,346 [WARN] DbFile:41 - Overriding database path with different value: C:\Users\b1601\.stmcufinder\plugins\mcufinder/ => C:\Users\b1601\.stmcufinder\plugins\mcufinder
2025-06-25 17:46:44,346 [INFO] DbMcusAds:125 - Set database path to: C:\Users\b1601\.stmcufinder\plugins\mcufinder//mcu/
2025-06-25 17:46:44,346 [WARN] DbFile:41 - Overriding database path with different value: C:\Users\b1601\.stmcufinder\plugins\mcufinder/ => C:\Users\b1601\.stmcufinder\plugins\mcufinder
2025-06-25 17:46:44,346 [WARN] DbFile:41 - Overriding database path with different value: C:\Users\b1601\.stmcufinder\plugins\mcufinder/ => C:\Users\b1601\.stmcufinder\plugins\mcufinder
2025-06-25 17:46:44,346 [INFO] CrossReferenceDbSqlite:203 - Set database path to: C:\Users\b1601\.stmcufinder\plugins\mcufinder//mcu/cs/
2025-06-25 17:46:44,451 [INFO] MainPanel:272 - HeapMemory: 268435456
2025-06-25 17:46:44,643 [INFO] DbMcusXml:78 - Set database path to: C:\ST\STM32CubeIDE_1.18.0\STM32CubeIDE\plugins\com.st.stm32cube.common.mx_6.14.1.202504091515\\db\/mcu/
2025-06-25 17:46:44,643 [INFO] ApiDb:274 - Set plugin database path to: C:\ST\STM32CubeIDE_1.18.0\STM32CubeIDE\plugins\com.st.stm32cube.common.mx_6.14.1.202504091515\\db\/plugins/boardmanager/
2025-06-25 17:46:44,643 [INFO] ApiDb:261 - Set plugin images path to: C:\ST\STM32CubeIDE_1.18.0\STM32CubeIDE\plugins\com.st.stm32cube.common.mx_6.14.1.202504091515\\db\/plugins/mcufinder/images/
2025-06-25 17:46:44,644 [WARN] DbFile:41 - Overriding database path with different value: C:\Users\b1601\.stmcufinder\plugins\mcufinder/ => C:\Users\b1601\.stmcufinder\plugins\mcufinder
2025-06-25 17:46:44,644 [INFO] ApiDb:250 - Set database path to: C:\Users\b1601\.stmcufinder\plugins\mcufinder//mcu/
2025-06-25 17:46:44,644 [WARN] DbFile:41 - Overriding database path with different value: C:\Users\b1601\.stmcufinder\plugins\mcufinder/ => C:\Users\b1601\.stmcufinder\plugins\mcufinder
2025-06-25 17:46:44,644 [INFO] DbMcusAds:125 - Set database path to: C:\Users\b1601\.stmcufinder\plugins\mcufinder//mcu/
2025-06-25 17:46:44,644 [WARN] DbFile:41 - Overriding database path with different value: C:\Users\b1601\.stmcufinder\plugins\mcufinder/ => C:\Users\b1601\.stmcufinder\plugins\mcufinder
2025-06-25 17:46:44,644 [WARN] DbFile:41 - Overriding database path with different value: C:\Users\b1601\.stmcufinder\plugins\mcufinder/ => C:\Users\b1601\.stmcufinder\plugins\mcufinder
2025-06-25 17:46:44,644 [INFO] CrossReferenceDbSqlite:203 - Set database path to: C:\Users\b1601\.stmcufinder\plugins\mcufinder//mcu/cs/
2025-06-25 17:46:44,668 [INFO] ApplicationProperties:184 - Using Application install path: C:\ST\STM32CubeIDE_1.18.0\STM32CubeIDE\plugins\com.st.stm32cube.common.mx_6.14.1.202504091515
2025-06-25 17:46:44,670 [INFO] PluginManage:196 - Search for loadable plugins [exclusion list=, ]
2025-06-25 17:46:44,671 [INFO] PluginManage:310 - Check plugin analytics
2025-06-25 17:46:44,988 [INFO] AnalyticsPlugin:253 - Accepted Software Licenses: 
2025-06-25 17:46:44,988 [INFO] AnalyticsPlugin:255 - Accepted CMSIS Pack Licenses: 
2025-06-25 17:46:44,989 [INFO] AnalyticsPlugin:257 - Accepted Firmware Licenses: 
2025-06-25 17:46:44,995 [INFO] PluginManage:359 - Loaded plugin analytics (category:tool,tabindex:-1)
2025-06-25 17:46:44,995 [INFO] PluginManage:310 - Check plugin cadmodel
2025-06-25 17:46:45,004 [INFO] CADModel:105 - Init CAD model plugin
2025-06-25 17:46:45,005 [INFO] PluginManage:359 - Loaded plugin cadmodel (category:power,tabindex:5)
2025-06-25 17:46:45,005 [INFO] PluginManage:310 - Check plugin clock
2025-06-25 17:46:45,023 [INFO] PluginManage:359 - Loaded plugin clock (category:base,tabindex:2)
2025-06-25 17:46:45,023 [INFO] PluginManage:310 - Check plugin ddr
2025-06-25 17:46:45,027 [INFO] PluginManage:359 - Loaded plugin ddr (category:tool,tabindex:6)
2025-06-25 17:46:45,028 [INFO] PluginManage:310 - Check plugin filemanager
2025-06-25 17:46:45,261 [INFO] PluginManage:359 - Loaded plugin filemanager (category:base,tabindex:10)
2025-06-25 17:46:45,261 [INFO] PluginManage:310 - Check plugin ipmanager
2025-06-25 17:46:45,269 [INFO] PluginManage:359 - Loaded plugin ipmanager (category:base,tabindex:5)
2025-06-25 17:46:45,269 [INFO] PluginManage:310 - Check plugin lpbam
2025-06-25 17:46:45,280 [INFO] PluginManage:359 - Loaded plugin lpbam (category:base,tabindex:0)
2025-06-25 17:46:45,280 [INFO] PluginManage:310 - Check plugin memorymap
2025-06-25 17:46:45,299 [INFO] PluginManage:359 - Loaded plugin memorymap (category:base,tabindex:4)
2025-06-25 17:46:45,300 [INFO] PluginManage:310 - Check plugin pinoutandconfiguration
2025-06-25 17:46:45,314 [INFO] PluginManage:359 - Loaded plugin pinoutandconfiguration (category:base,tabindex:1)
2025-06-25 17:46:45,314 [INFO] PluginManage:310 - Check plugin pinoutconfig
2025-06-25 17:46:45,430 [WARN] SupportedApi:132 - Cannot load RTOS API schema: s4s-elt-must-match.1: The content of 'definitions' must match (annotation?, (simpleType | complexType)?, (unique | key | keyref)*)). A problem was found starting at: attribute.
2025-06-25 17:46:45,601 [INFO] PluginManage:359 - Loaded plugin pinoutconfig (category:base,tabindex:0)
2025-06-25 17:46:45,601 [INFO] PluginManage:310 - Check plugin power
2025-06-25 17:46:45,617 [INFO] PluginManage:359 - Loaded plugin power (category:power,tabindex:4)
2025-06-25 17:46:45,617 [INFO] PluginManage:310 - Check plugin projectmanager
2025-06-25 17:46:45,639 [INFO] PluginManage:359 - Loaded plugin projectmanager (category:projectmanager,tabindex:4)
2025-06-25 17:46:45,639 [INFO] PluginManage:310 - Check plugin rif
2025-06-25 17:46:45,648 [INFO] PluginManage:359 - Loaded plugin rif (category:base,tabindex:3)
2025-06-25 17:46:45,648 [INFO] PluginManage:310 - Check plugin thirdparty
2025-06-25 17:46:45,823 [INFO] PluginManage:359 - Loaded plugin thirdparty (category:base,tabindex:-1)
2025-06-25 17:46:45,823 [WARN] IntegrityCheckThread:84 - waiting for thirdparty lock release [integrity check]
2025-06-25 17:46:45,824 [INFO] IntegrityCheckThread:86 - entering critical section [integrity check]
2025-06-25 17:46:45,824 [INFO] PluginManage:310 - Check plugin tools
2025-06-25 17:46:45,824 [INFO] ThirdPartyUpdaterWithRetryManager:70 - Updater plugin not ready yet. [1/15]
2025-06-25 17:46:45,828 [INFO] PluginManage:359 - Loaded plugin tools (category:base,tabindex:7)
2025-06-25 17:46:45,829 [INFO] PluginManage:310 - Check plugin tutovideos
2025-06-25 17:46:46,027 [INFO] PluginManage:359 - Loaded plugin tutovideos (category:base,tabindex:-1)
2025-06-25 17:46:46,027 [INFO] PluginManage:310 - Check plugin updater
2025-06-25 17:46:46,054 [INFO] PluginManage:359 - Loaded plugin updater (category:base,tabindex:12)
2025-06-25 17:46:46,054 [INFO] PluginManage:310 - Check plugin userauth
2025-06-25 17:46:46,059 [INFO] UserAuth:118 - Init User Auth plugin
2025-06-25 17:46:46,061 [INFO] PluginManage:359 - Loaded plugin userauth (category:base,tabindex:14)
2025-06-25 17:46:46,061 [INFO] PluginManage:283 - PluginManage : Loaded plugins [18]
2025-06-25 17:46:46,368 [INFO] PinOutPanel:1589 - setPackage(No Configuration,No Configuration)
2025-06-25 17:46:46,488 [INFO] CADModel:165 - CPN selected for project level
2025-06-25 17:46:46,488 [INFO] CADModel:114 - Register for checkConnection events
2025-06-25 17:46:46,509 [INFO] IPUIPlugin:80 - create IPUIPlugin
2025-06-25 17:46:46,509 [INFO] PluginManager:220 - loadIPPluginJar : add adc
2025-06-25 17:46:46,514 [INFO] IPUIPlugin:80 - create IPUIPlugin
2025-06-25 17:46:46,514 [INFO] PluginManager:220 - loadIPPluginJar : add aes
2025-06-25 17:46:46,518 [INFO] IPUIPlugin:80 - create IPUIPlugin
2025-06-25 17:46:46,518 [INFO] PluginManager:220 - loadIPPluginJar : add can
2025-06-25 17:46:46,521 [INFO] IPUIPlugin:80 - create IPUIPlugin
2025-06-25 17:46:46,521 [INFO] PluginManager:220 - loadIPPluginJar : add comp
2025-06-25 17:46:46,525 [INFO] IPUIPlugin:80 - create IPUIPlugin
2025-06-25 17:46:46,525 [INFO] PluginManager:220 - loadIPPluginJar : add cryp
2025-06-25 17:46:46,531 [INFO] IPUIPlugin:80 - create IPUIPlugin
2025-06-25 17:46:46,531 [INFO] PluginManager:220 - loadIPPluginJar : add ddr_ctrl_phy
2025-06-25 17:46:46,535 [INFO] IPUIPlugin:80 - create IPUIPlugin
2025-06-25 17:46:46,535 [INFO] PluginManager:220 - loadIPPluginJar : add dfsdm
2025-06-25 17:46:46,542 [INFO] IPUIPlugin:80 - create IPUIPlugin
2025-06-25 17:46:46,542 [INFO] PluginManager:220 - loadIPPluginJar : add dma
2025-06-25 17:46:46,547 [INFO] IPUIPlugin:80 - create IPUIPlugin
2025-06-25 17:46:46,547 [INFO] PluginManager:220 - loadIPPluginJar : add dma3
2025-06-25 17:46:46,550 [INFO] IPUIPlugin:80 - create IPUIPlugin
2025-06-25 17:46:46,551 [INFO] PluginManager:220 - loadIPPluginJar : add extmemmanager
2025-06-25 17:46:46,553 [INFO] IPUIPlugin:80 - create IPUIPlugin
2025-06-25 17:46:46,553 [INFO] PluginManager:220 - loadIPPluginJar : add fatfs
2025-06-25 17:46:46,560 [INFO] IPUIPlugin:80 - create IPUIPlugin
2025-06-25 17:46:46,560 [INFO] PluginManager:220 - loadIPPluginJar : add fmc
2025-06-25 17:46:46,568 [INFO] IPUIPlugin:80 - create IPUIPlugin
2025-06-25 17:46:46,569 [INFO] PluginManager:220 - loadIPPluginJar : add freertos
2025-06-25 17:46:46,571 [INFO] IPUIPlugin:80 - create IPUIPlugin
2025-06-25 17:46:46,571 [INFO] PluginManager:220 - loadIPPluginJar : add genericplugin
2025-06-25 17:46:46,574 [INFO] IPUIPlugin:80 - create IPUIPlugin
2025-06-25 17:46:46,574 [INFO] PluginManager:220 - loadIPPluginJar : add gfxmmu
2025-06-25 17:46:46,581 [INFO] IPUIPlugin:80 - create IPUIPlugin
2025-06-25 17:46:46,581 [INFO] PluginManager:220 - loadIPPluginJar : add gic
2025-06-25 17:46:46,587 [INFO] IPUIPlugin:80 - create IPUIPlugin
2025-06-25 17:46:46,587 [INFO] PluginManager:220 - loadIPPluginJar : add gpio
2025-06-25 17:46:46,592 [INFO] IPUIPlugin:80 - create IPUIPlugin
2025-06-25 17:46:46,592 [INFO] PluginManager:220 - loadIPPluginJar : add gtzc
2025-06-25 17:46:46,596 [INFO] IPUIPlugin:80 - create IPUIPlugin
2025-06-25 17:46:46,596 [INFO] PluginManager:220 - loadIPPluginJar : add hash
2025-06-25 17:46:46,600 [INFO] IPUIPlugin:80 - create IPUIPlugin
2025-06-25 17:46:46,601 [INFO] PluginManager:220 - loadIPPluginJar : add i2c
2025-06-25 17:46:46,604 [INFO] IPUIPlugin:80 - create IPUIPlugin
2025-06-25 17:46:46,604 [INFO] PluginManager:220 - loadIPPluginJar : add i2s
2025-06-25 17:46:46,609 [INFO] IPUIPlugin:80 - create IPUIPlugin
2025-06-25 17:46:46,610 [INFO] PluginManager:220 - loadIPPluginJar : add i3c
2025-06-25 17:46:46,615 [INFO] IPUIPlugin:80 - create IPUIPlugin
2025-06-25 17:46:46,615 [INFO] PluginManager:220 - loadIPPluginJar : add ipddr
2025-06-25 17:46:46,623 [INFO] IPUIPlugin:80 - create IPUIPlugin
2025-06-25 17:46:46,623 [INFO] PluginManager:220 - loadIPPluginJar : add linkedlist
2025-06-25 17:46:46,629 [INFO] IPUIPlugin:80 - create IPUIPlugin
2025-06-25 17:46:46,629 [INFO] PluginManager:220 - loadIPPluginJar : add lorawan
2025-06-25 17:46:46,631 [INFO] IPUIPlugin:80 - create IPUIPlugin
2025-06-25 17:46:46,631 [INFO] PluginManager:220 - loadIPPluginJar : add ltdc
2025-06-25 17:46:46,639 [INFO] IPUIPlugin:80 - create IPUIPlugin
2025-06-25 17:46:46,639 [INFO] PluginManager:220 - loadIPPluginJar : add mdma
2025-06-25 17:46:46,645 [INFO] IPUIPlugin:80 - create IPUIPlugin
2025-06-25 17:46:46,645 [INFO] PluginManager:220 - loadIPPluginJar : add nvic
2025-06-25 17:46:46,650 [INFO] IPUIPlugin:80 - create IPUIPlugin
2025-06-25 17:46:46,650 [INFO] PluginManager:220 - loadIPPluginJar : add opamp
2025-06-25 17:46:46,655 [INFO] IPUIPlugin:80 - create IPUIPlugin
2025-06-25 17:46:46,655 [INFO] PluginManager:220 - loadIPPluginJar : add openamp
2025-06-25 17:46:46,660 [INFO] IPUIPlugin:80 - create IPUIPlugin
2025-06-25 17:46:46,660 [INFO] PluginManager:220 - loadIPPluginJar : add pdm2pcm
2025-06-25 17:46:46,668 [INFO] IPUIPlugin:80 - create IPUIPlugin
2025-06-25 17:46:46,671 [INFO] PluginManager:220 - loadIPPluginJar : add plateformsettings
2025-06-25 17:46:46,673 [INFO] IPUIPlugin:80 - create IPUIPlugin
2025-06-25 17:46:46,673 [INFO] PluginManager:220 - loadIPPluginJar : add quadspi
2025-06-25 17:46:46,676 [INFO] IPUIPlugin:80 - create IPUIPlugin
2025-06-25 17:46:46,679 [INFO] PluginManager:220 - loadIPPluginJar : add radio
2025-06-25 17:46:46,685 [INFO] IPUIPlugin:80 - create IPUIPlugin
2025-06-25 17:46:46,685 [INFO] PluginManager:220 - loadIPPluginJar : add resmgrutility
2025-06-25 17:46:46,689 [INFO] IPUIPlugin:80 - create IPUIPlugin
2025-06-25 17:46:46,689 [INFO] PluginManager:220 - loadIPPluginJar : add sai
2025-06-25 17:46:46,692 [INFO] IPUIPlugin:80 - create IPUIPlugin
2025-06-25 17:46:46,692 [INFO] PluginManager:220 - loadIPPluginJar : add spi
2025-06-25 17:46:46,700 [INFO] IPUIPlugin:80 - create IPUIPlugin
2025-06-25 17:46:46,700 [INFO] PluginManager:220 - loadIPPluginJar : add stm32_wpan
2025-06-25 17:46:46,703 [INFO] IPUIPlugin:80 - create IPUIPlugin
2025-06-25 17:46:46,704 [INFO] PluginManager:220 - loadIPPluginJar : add tim
2025-06-25 17:46:46,708 [INFO] IPUIPlugin:80 - create IPUIPlugin
2025-06-25 17:46:46,708 [INFO] PluginManager:220 - loadIPPluginJar : add touchsensing
2025-06-25 17:46:46,712 [INFO] IPUIPlugin:80 - create IPUIPlugin
2025-06-25 17:46:46,712 [INFO] PluginManager:220 - loadIPPluginJar : add tracer_emb
2025-06-25 17:46:46,715 [INFO] IPUIPlugin:80 - create IPUIPlugin
2025-06-25 17:46:46,715 [INFO] PluginManager:220 - loadIPPluginJar : add ts
2025-06-25 17:46:46,717 [INFO] IPUIPlugin:80 - create IPUIPlugin
2025-06-25 17:46:46,718 [INFO] PluginManager:220 - loadIPPluginJar : add tsc
2025-06-25 17:46:46,720 [INFO] IPUIPlugin:80 - create IPUIPlugin
2025-06-25 17:46:46,720 [INFO] PluginManager:220 - loadIPPluginJar : add ucpd
2025-06-25 17:46:46,724 [INFO] IPUIPlugin:80 - create IPUIPlugin
2025-06-25 17:46:46,724 [INFO] PluginManager:220 - loadIPPluginJar : add usart
2025-06-25 17:46:46,729 [INFO] IPUIPlugin:80 - create IPUIPlugin
2025-06-25 17:46:46,729 [INFO] PluginManager:220 - loadIPPluginJar : add usbx
2025-06-25 17:46:46,869 [FATAL] Updater:351 - Updater called before beeing initialized
2025-06-25 17:46:46,907 [INFO] RulesReader:64 - Compatibility file has been processed (302 Rules)
2025-06-25 17:46:46,927 [INFO] RulesReader:64 - Compatibility file has been processed (302 Rules)
2025-06-25 17:46:46,942 [INFO] CADModel:165 - CPN selected for project level
2025-06-25 17:46:46,942 [INFO] CADModel:114 - Register for checkConnection events
2025-06-25 17:46:46,942 [FATAL] Updater:351 - Updater called before beeing initialized
2025-06-25 17:46:46,943 [ERROR] CADModel:125 - Updater not yet initialized, retry later 
2025-06-25 17:46:47,149 [FATAL] Updater:351 - Updater called before beeing initialized
2025-06-25 17:46:47,152 [INFO] CADModel:165 - CPN selected for project level
2025-06-25 17:46:47,152 [INFO] CADModel:114 - Register for checkConnection events
2025-06-25 17:46:47,152 [FATAL] Updater:351 - Updater called before beeing initialized
2025-06-25 17:46:47,152 [ERROR] CADModel:125 - Updater not yet initialized, retry later 
2025-06-25 17:46:47,160 [FATAL] Updater:351 - Updater called before beeing initialized
2025-06-25 17:46:47,314 [FATAL] Updater:351 - Updater called before beeing initialized
2025-06-25 17:46:47,319 [INFO] DbMcusAds:53 - JSON generation date=Thu Jun 19 11:32:34 TRT 2025 (1750321954415)
2025-06-25 17:46:47,319 [FATAL] Updater:351 - Updater called before beeing initialized
2025-06-25 17:46:47,368 [WARN] DetailPanel:346 - Failed to get advertising image, set to default
2025-06-25 17:46:47,698 [FATAL] Updater:351 - Updater called before beeing initialized
2025-06-25 17:46:47,700 [FATAL] Updater:351 - Updater called before beeing initialized
2025-06-25 17:46:47,700 [FATAL] Updater:351 - Updater called before beeing initialized
2025-06-25 17:46:47,701 [WARN] DetailPanel:346 - Failed to get advertising image, set to default
2025-06-25 17:46:47,701 [FATAL] Updater:351 - Updater called before beeing initialized
2025-06-25 17:46:47,763 [ERROR] Updater:1198 - MainUpdater not yet initialized. External WinMGr cannot be set.
2025-06-25 17:46:47,765 [INFO] Updater:1134 - Updater Version found : 6.14.1
2025-06-25 17:46:47,791 [INFO] ApplicationProperties:184 - Using Application install path: C:\ST\STM32CubeIDE_1.18.0\STM32CubeIDE\plugins\com.st.stm32cube.common.mx_6.14.1.202504091515
2025-06-25 17:46:48,334 [INFO] MainUpdater:2872 - connection check result : 10
2025-06-25 17:46:48,335 [INFO] MainUpdater:3566 - Updater definition file requires update
2025-06-25 17:46:48,336 [INFO] MainUpdater:289 - Updater Check For Update Now.
2025-06-25 17:46:48,336 [INFO] MicroXplorer:498 - Change Database Version : DB.6.0.141
2025-06-25 17:46:48,345 [INFO] McuFinderGlobals:63 - Set McuFinder mode to 2 (CubeIDE integrated)
2025-06-25 17:46:48,346 [INFO] UserAuth:484 - Internet connection configuration mode: 1
2025-06-25 17:46:48,376 [INFO] JxBrowserEngine:152 - Initiate JxBrowser Engine with user profile folder
2025-06-25 17:46:48,581 [INFO] ServerAccessManage:473 - Download File updaters.zip
2025-06-25 17:46:48,756 [INFO] FileExtend:242 - Unzip File : updaters.zip
2025-06-25 17:46:48,756 [INFO] FileExtend:257 - Standard Zip Deflate
2025-06-25 17:46:48,824 [WARN] MainUpdater:1193 - Updater busy. Cannot search thirdparties
2025-06-25 17:46:48,825 [INFO] ThirdPartyUpdaterWithRetryManager:96 - Updater plugin is busy. [1/15]
2025-06-25 17:46:49,264 [INFO] ServerAccessManage:473 - Download File PacksControlFlags.xml
2025-06-25 17:46:49,405 [INFO] ServerAccessManage:473 - Download File cubemx.pidx
2025-06-25 17:46:50,115 [INFO] ServerAccessManage:473 - Download File STMicroelectronics.FP-SNS-STAIOTCFT.pdsc
2025-06-25 17:46:51,588 [INFO] WebApp:169 - Instantiating new browser for Auth
2025-06-25 17:46:51,826 [WARN] MainUpdater:1193 - Updater busy. Cannot search thirdparties
2025-06-25 17:46:51,826 [INFO] ThirdPartyUpdaterWithRetryManager:96 - Updater plugin is busy. [2/15]
2025-06-25 17:46:52,508 [WARN] PackLoader:240 - Cannot read IP mode file for STMicroelectronics.FP-SNS-STAIOTCFT.1.0.0
2025-06-25 17:46:52,512 [INFO] PopulateThirdPartyThread:66 - Ending populate Thread
2025-06-25 17:46:52,515 [INFO] ThirdParty:1030 - CMSIS Pack Vendor :STMicroelectronics FP-SNS-STAIOTCFT 1.0.0
2025-06-25 17:46:52,515 [INFO] LoadServerUpdatesThread:375 - End of LoadServerUpdate Thread
2025-06-25 17:46:52,677 [INFO] CheckServerUpdateThread:120 - End of CheckServer Thread
2025-06-25 17:46:53,175 [INFO] WebApp:463 - Apply proxy settings
2025-06-25 17:46:53,176 [INFO] WebApp:548 - Chromium requires no authentication
2025-06-25 17:46:53,191 [INFO] WebApp:491 - Direct internet connection detected
2025-06-25 17:46:53,232 [INFO] WebApp:894 - Register for checkConnection events
2025-06-25 17:46:53,233 [INFO] WebApp:463 - Apply proxy settings
2025-06-25 17:46:53,233 [INFO] WebApp:548 - Chromium requires no authentication
2025-06-25 17:46:53,233 [INFO] WebApp:491 - Direct internet connection detected
2025-06-25 17:46:53,482 [INFO] WebApp:225 - Starting web application
2025-06-25 17:46:53,483 [INFO] WebApp:593 - Web application path used C:\ST\STM32CubeIDE_1.18.0\STM32CubeIDE\plugins\com.st.stm32cube.common.mx_6.14.1.202504091515\db\plugins\mcufinder\reactClient1\index.html
2025-06-25 17:46:53,698 [INFO] UserAuth:484 - Internet connection configuration mode: 1
2025-06-25 17:46:53,872 [INFO] WebApp:191 - Connection restablished
2025-06-25 17:46:55,152 [WARN] PackLoader:240 - Cannot read IP mode file for STMicroelectronics.FP-SNS-MOTENVWB1.1.4.0
2025-06-25 17:46:55,161 [WARN] PackLoader:240 - Cannot read IP mode file for STMicroelectronics.FP-ATR-ASTRA1.2.0.2
2025-06-25 17:46:55,169 [WARN] PackLoader:240 - Cannot read IP mode file for STMicroelectronics.X-CUBE-SMBUS.2.1.0
2025-06-25 17:46:55,175 [WARN] PackLoader:240 - Cannot read IP mode file for STMicroelectronics.X-CUBE-ST60.1.0.0
2025-06-25 17:46:55,241 [WARN] PackLoader:240 - Cannot read IP mode file for STMicroelectronics.X-CUBE-AZRTOS-F7.1.1.0
2025-06-25 17:46:55,297 [WARN] PackLoader:240 - Cannot read IP mode file for Infineon.AIROC-Wi-Fi-Bluetooth-STM32.1.7.0
2025-06-25 17:46:55,317 [WARN] PackLoader:240 - Cannot read IP mode file for STMicroelectronics.X-CUBE-DISPLAY.3.0.0
2025-06-25 17:46:55,340 [WARN] PackLoader:240 - Cannot read IP mode file for STMicroelectronics.X-CUBE-NFC10.1.0.0
2025-06-25 17:46:55,364 [WARN] PackLoader:240 - Cannot read IP mode file for STMicroelectronics.X-CUBE-BLEMGR.4.0.0
2025-06-25 17:46:55,379 [WARN] PackLoader:240 - Cannot read IP mode file for emotas.I-CUBE-CANOPEN.1.3.0
2025-06-25 17:46:55,386 [WARN] ConditionMgr:438 - getConditionDescription Invalid condition id : Cortex-A Device cause : null
2025-06-25 17:46:55,408 [WARN] ConditionMgr:1044 - genDependencies : Invalid condition id : Cortex-A Device cause : null
2025-06-25 17:46:55,409 [WARN] ConditionMgr:1044 - genDependencies : Invalid condition id : Cortex-A Device cause : null
2025-06-25 17:46:55,409 [WARN] ConditionMgr:1044 - genDependencies : Invalid condition id : Cortex-A Device cause : null
2025-06-25 17:46:55,416 [WARN] PackLoader:240 - Cannot read IP mode file for STMicroelectronics.X-CUBE-AI.10.0.0
2025-06-25 17:46:55,423 [WARN] PackLoader:240 - Cannot read IP mode file for STMicroelectronics.FP-SNS-SMARTAG2.1.2.0
2025-06-25 17:46:55,431 [WARN] PackLoader:240 - Cannot read IP mode file for STMicroelectronics.FP-SNS-FLIGHT1.5.1.0
2025-06-25 17:46:55,442 [INFO] LogOutputStream:77 - [STDOUT_REDIRECT] 1 : Invalid condition id : UX_CORESTACK_Condition cause : null
2025-06-25 17:46:55,443 [INFO] LogOutputStream:77 - [STDOUT_REDIRECT] 1 : Invalid condition id : UX_CORESTACK_Condition cause : null
2025-06-25 17:46:55,444 [INFO] LogOutputStream:77 - [STDOUT_REDIRECT] 1 : Invalid condition id : UX_CORESTACK_Condition cause : null
2025-06-25 17:46:55,446 [INFO] LogOutputStream:77 - [STDOUT_REDIRECT] 1 : Invalid condition id : UX_CORESTACK_Condition cause : null
2025-06-25 17:46:55,448 [INFO] LogOutputStream:77 - [STDOUT_REDIRECT] 1 : Invalid condition id : UX_CORESTACK_Condition cause : null
2025-06-25 17:46:55,451 [WARN] PackLoader:240 - Cannot read IP mode file for STMicroelectronics.X-CUBE-AZRTOS-WL.2.0.0
2025-06-25 17:46:55,460 [WARN] PackLoader:240 - Cannot read IP mode file for STMicroelectronics.FP-SNS-MOTENV1.5.0.0
2025-06-25 17:46:55,470 [WARN] PackLoader:240 - Cannot read IP mode file for WES.I-CUBE-Cesium.1.3.0
2025-06-25 17:46:55,477 [WARN] PackLoader:240 - Cannot read IP mode file for STMicroelectronics.X-CUBE-BLE2.3.3.0
2025-06-25 17:46:55,485 [WARN] PackLoader:240 - Cannot read IP mode file for STMicroelectronics.X-CUBE-NFC9.1.0.0
2025-06-25 17:46:55,493 [WARN] PackLoader:240 - Cannot read IP mode file for wolfSSL.I-CUBE-wolfSSL.5.8.0
2025-06-25 17:46:55,503 [WARN] PackLoader:240 - Cannot read IP mode file for STMicroelectronics.X-CUBE-BLE1.7.1.0
2025-06-25 17:46:55,512 [WARN] PackLoader:240 - Cannot read IP mode file for wolfSSL.I-CUBE-wolfMQTT.1.19.2
2025-06-25 17:46:55,522 [WARN] PackLoader:240 - Cannot read IP mode file for STMicroelectronics.X-CUBE-AI.10.1.0
2025-06-25 17:46:55,599 [WARN] PackLoader:240 - Cannot read IP mode file for STMicroelectronics.X-CUBE-MEMS1.11.2.0
2025-06-25 17:46:55,918 [WARN] PackLoader:240 - Cannot read IP mode file for STMicroelectronics.X-CUBE-AZRTOS-G0.1.1.0
2025-06-25 17:46:55,933 [WARN] PackLoader:240 - Cannot read IP mode file for STMicroelectronics.X-CUBE-SAFEA1.1.2.2
2025-06-25 17:46:55,944 [WARN] PackLoader:240 - Cannot read IP mode file for STMicroelectronics.X-CUBE-NFC4.3.0.0
2025-06-25 17:46:55,961 [WARN] PackLoader:240 - Cannot read IP mode file for EmbeddedOffice.I-CUBE-FS-RTOS.1.0.1
2025-06-25 17:46:55,971 [WARN] PackLoader:240 - Cannot read IP mode file for STMicroelectronics.X-CUBE-WB05N.2.0.0
2025-06-25 17:46:55,978 [WARN] PackLoader:240 - Cannot read IP mode file for wolfSSL.I-CUBE-wolfTPM.3.8.0
2025-06-25 17:46:56,002 [WARN] PackLoader:240 - Cannot read IP mode file for STMicroelectronics.X-CUBE-TCPP.4.2.0
2025-06-25 17:46:56,012 [WARN] PackLoader:240 - Cannot read IP mode file for RealThread.X-CUBE-RT-Thread_Nano.4.1.1
2025-06-25 17:46:56,018 [WARN] PackLoader:240 - Cannot read IP mode file for STMicroelectronics.FP-ATR-SIGFOX1.3.2.0
2025-06-25 17:46:56,028 [WARN] PackLoader:240 - Cannot read IP mode file for STMicroelectronics.X-CUBE-EEPRMA1.5.1.0
2025-06-25 17:46:56,038 [WARN] PackLoader:240 - Cannot read IP mode file for ITTIA_DB.I-CUBE-ITTIADB.8.9.0
2025-06-25 17:46:56,048 [WARN] PackLoader:240 - Cannot read IP mode file for STMicroelectronics.X-CUBE-ST67W61.1.0.0
2025-06-25 17:46:56,111 [WARN] PackLoader:240 - Cannot read IP mode file for SEGGER.I-CUBE-embOS.1.3.1
2025-06-25 17:46:56,181 [WARN] PackLoader:240 - Cannot read IP mode file for STMicroelectronics.X-CUBE-ALGOBUILD.1.4.0
2025-06-25 17:46:56,265 [WARN] PackLoader:240 - Cannot read IP mode file for STMicroelectronics.X-CUBE-MEMS1.11.3.0
2025-06-25 17:46:56,467 [WARN] PackLoader:240 - Cannot read IP mode file for STMicroelectronics.X-CUBE-PM33A1.1.0.0
2025-06-25 17:46:56,491 [WARN] PackLoader:240 - Cannot read IP mode file for STMicroelectronics.X-CUBE-AZRTOS-F4.1.1.0
2025-06-25 17:46:56,500 [WARN] PackLoader:240 - Cannot read IP mode file for Avnet-IotConnect.X-CUBE-IoTC-DA16k-PMOD.1.0.0
2025-06-25 17:46:56,506 [WARN] PackLoader:240 - Cannot read IP mode file for STMicroelectronics.X-CUBE-ISPU.2.1.0
2025-06-25 17:46:56,529 [WARN] PackLoader:240 - Cannot read IP mode file for STMicroelectronics.X-CUBE-AZRTOS-L5.2.0.0
2025-06-25 17:46:56,542 [WARN] PackLoader:240 - Cannot read IP mode file for STMicroelectronics.X-CUBE-NFC6.3.1.0
2025-06-25 17:46:56,554 [WARN] PackLoader:240 - Cannot read IP mode file for STMicroelectronics.X-CUBE-FREERTOS.1.3.1
2025-06-25 17:46:56,559 [WARN] PackLoader:240 - Cannot read IP mode file for STMicroelectronics.FP-SNS-STAIOTCFT.1.0.0
2025-06-25 17:46:56,567 [WARN] PackLoader:240 - Cannot read IP mode file for STMicroelectronics.X-CUBE-DPower.1.3.0
2025-06-25 17:46:56,593 [WARN] ConditionMgr:438 - getConditionDescription Invalid condition id : LAN8742 Phy interface Condition cause : null
2025-06-25 17:46:56,594 [WARN] PackLoader:240 - Cannot read IP mode file for STMicroelectronics.X-CUBE-AZRTOS-L4.2.0.0
2025-06-25 17:46:56,596 [WARN] ConditionMgr:1044 - genDependencies : Invalid condition id : LAN8742 Phy interface Condition cause : null
2025-06-25 17:46:56,596 [WARN] ConditionMgr:1044 - genDependencies : Invalid condition id : LAN8742 Phy interface Condition cause : null
2025-06-25 17:46:56,597 [WARN] ConditionMgr:1044 - genDependencies : Invalid condition id : LAN8742 Phy interface Condition cause : null
2025-06-25 17:46:56,607 [WARN] PackLoader:240 - Cannot read IP mode file for STMicroelectronics.X-CUBE-SFXS2LP1.4.0.0
2025-06-25 17:46:56,635 [WARN] PackLoader:240 - Cannot read IP mode file for STMicroelectronics.X-CUBE-AZRTOS-H7.3.3.0
2025-06-25 17:46:56,654 [WARN] ConditionMgr:438 - getConditionDescription Invalid condition id : UX DEVICE CLASS RTOS Condition cause : null
2025-06-25 17:46:56,655 [WARN] ConditionMgr:438 - getConditionDescription Invalid condition id : UX DEVICE CLASS RTOS Condition cause : null
2025-06-25 17:46:56,658 [WARN] PackLoader:240 - Cannot read IP mode file for STMicroelectronics.X-CUBE-AZRTOS-WB.2.0.0
2025-06-25 17:46:56,659 [WARN] ConditionMgr:1044 - genDependencies : Invalid condition id : UX DEVICE CLASS RTOS Condition cause : null
2025-06-25 17:46:56,660 [WARN] ConditionMgr:1044 - genDependencies : Invalid condition id : UX DEVICE CLASS RTOS Condition cause : null
2025-06-25 17:46:56,660 [WARN] ConditionMgr:1044 - genDependencies : Invalid condition id : UX DEVICE CLASS RTOS Condition cause : null
2025-06-25 17:46:56,661 [WARN] ConditionMgr:1044 - genDependencies : Invalid condition id : UX DEVICE CLASS RTOS Condition cause : null
2025-06-25 17:46:56,661 [WARN] ConditionMgr:1044 - genDependencies : Invalid condition id : UX DEVICE CLASS RTOS Condition cause : null
2025-06-25 17:46:56,669 [WARN] PackLoader:240 - Cannot read IP mode file for STMicroelectronics.X-CUBE-GNSS1.7.0.1
2025-06-25 17:46:56,677 [WARN] PackLoader:240 - Cannot read IP mode file for STMicroelectronics.X-CUBE-TOUCHGFX.4.25.0
2025-06-25 17:46:56,685 [WARN] PackLoader:240 - Cannot read IP mode file for STMicroelectronics.FP-SNS-STBOX1.2.0.0
2025-06-25 17:46:56,705 [WARN] PackLoader:240 - Cannot read IP mode file for STMicroelectronics.X-CUBE-SUBG2.5.0.0
2025-06-25 17:46:56,738 [WARN] PackLoader:240 - Cannot read IP mode file for STMicroelectronics.X-CUBE-AZRTOS-H7RS.1.1.0
2025-06-25 17:46:56,748 [WARN] PackLoader:240 - Cannot read IP mode file for Cesanta.I-CUBE-Mongoose.7.13.0
2025-06-25 17:46:56,767 [WARN] PackLoader:240 - Cannot read IP mode file for STMicroelectronics.X-CUBE-AZRTOS-G4.2.0.0
2025-06-25 17:46:56,775 [WARN] PackLoader:240 - Cannot read IP mode file for wolfSSL.I-CUBE-wolfSSH.1.4.20
2025-06-25 17:46:56,782 [WARN] PackLoader:240 - Cannot read IP mode file for STMicroelectronics.X-CUBE-NFC7.2.0.0
2025-06-25 17:46:56,794 [WARN] PackLoader:240 - Cannot read IP mode file for STMicroelectronics.X-CUBE-IPS.3.1.0
2025-06-25 17:46:56,804 [WARN] PackLoader:240 - Cannot read IP mode file for STMicroelectronics.X-CUBE-ALS.1.0.2
2025-06-25 17:46:56,812 [WARN] PackLoader:240 - Cannot read IP mode file for portGmbH.I-Cube-SoM-uGOAL.1.1.0
2025-06-25 17:46:56,828 [WARN] PackLoader:240 - Cannot read IP mode file for STMicroelectronics.X-CUBE-TOF1.3.4.3
2025-06-25 17:46:56,844 [INFO] ThirdParty:978 - Integrity check success = true
2025-06-25 17:46:56,844 [INFO] IntegrityCheckThread:100 - exiting critical section [integrity check]
2025-06-25 17:46:56,844 [INFO] IntegrityCheckThread:103 - End integrity checks thread
2025-06-25 17:47:34,886 [INFO] WebApp:194 - Connection lost
2025-06-25 17:47:35,104 [INFO] WebApp:191 - Connection restablished
2025-06-25 17:50:57,142 [INFO] WebApp:403 - JxBrowser engine has been closed 
